<?xml version="1.0" encoding="UTF-8"?>
<!-- Generated by org.testng.reporters.JUnitReportReporter -->
<testsuite hostname="CLOUDNALP11" failures="0" tests="1" name="com.test.ProductTest" time="5.536" errors="0" timestamp="2024-07-22T14:23:35 IST" skipped="0">
  <testcase classname="com.test.ProductTest" name="testProductSelection" time="5.536"/>
</testsuite> <!-- com.test.ProductTest -->
