<?xml version="1.0" encoding="UTF-8"?>
<!-- Generated by org.testng.reporters.JUnitReportReporter -->
<testsuite hostname="CLOUDNALP11" failures="0" tests="1" name="com.test.FiveTest" time="11.806" errors="0" timestamp="2024-07-22T22:31:05 IST" skipped="0">
  <testcase classname="com.test.FiveTest" name="testProductSelection" time="11.806"/>
</testsuite> <!-- com.test.FiveTest -->
