<?xml version="1.0" encoding="UTF-8"?>
<!-- Generated by org.testng.reporters.JUnitReportReporter -->
<testsuite hostname="CLOUDNALP11" failures="0" tests="1" name="com.test.TwoTest" time="17.455" errors="0" timestamp="2024-07-22T21:41:48 IST" skipped="0">
  <testcase classname="com.test.TwoTest" name="testProductSelection" time="17.455"/>
</testsuite> <!-- com.test.TwoTest -->
