<?xml version="1.0" encoding="UTF-8"?>
<!-- Generated by org.testng.reporters.JUnitReportReporter -->
<testsuite hostname="CLOUDNALP11" failures="0" tests="1" name="com.test.LoginTest" time="5.940" errors="0" timestamp="2024-07-22T11:52:57 IST" skipped="0">
  <testcase classname="com.test.LoginTest" name="testLogin" time="5.940"/>
</testsuite> <!-- com.test.LoginTest -->
