<?xml version="1.0" encoding="UTF-8"?>
<!-- Generated by org.testng.reporters.JUnitReportReporter -->
<testsuite hostname="CLOUDNALP11" failures="0" tests="1" name="com.test.BaahriTest" time="24.705" errors="0" timestamp="2024-07-22T11:28:30 IST" skipped="0">
  <testcase classname="com.test.BaahriTest" name="loginButtonTest" time="24.705"/>
</testsuite> <!-- com.test.BaahriTest -->
