<?xml version="1.0" encoding="UTF-8"?>
<!-- Generated by org.testng.reporters.JUnitReportReporter -->
<testsuite hostname="CLOUDNALP11" failures="0" tests="1" name="com.test.baahri" time="18.967" errors="0" timestamp="2024-01-24T10:57:51 IST" skipped="0">
  <testcase classname="com.test.baahri" name="loginButtonTest" time="18.967"/>
</testsuite> <!-- com.test.baahri -->
