<?xml version="1.0" encoding="UTF-8"?>
<!-- Generated by org.testng.reporters.JUnitReportReporter -->
<testsuite hostname="CLOUDNALP11" failures="0" tests="1" name="com.test.four" time="5.798" errors="0" timestamp="2024-07-22T16:45:58 IST" skipped="0">
  <testcase classname="com.test.four" name="testProductSelection" time="5.798"/>
</testsuite> <!-- com.test.four -->
